<?xml version="1.0" encoding="UTF-8"?>
<!-- Generated by org.testng.reporters.JUnitXMLReporter -->
<testsuite hostname="SAMMSA-ANIK" ignored="8" name="test" tests="1" failures="0" timestamp="2020-05-08T00:09:20 IST" time="24.336" errors="0">
  <testcase name="Login_with_Restricted_Userid" time="10.865" classname="com.qa.tests.LoginTests"/>
  <testcase name="alert_Fill_All_Fields" time="0.0" classname="com.qa.tests.LoginTests">
    <ignored/>
  </testcase> <!-- alert_Fill_All_Fields -->
  <testcase name="incorrect_Password_login" time="0.0" classname="com.qa.tests.LoginTests">
    <ignored/>
  </testcase> <!-- incorrect_Password_login -->
  <testcase name="Login_with_is_Deleted_Member" time="0.0" classname="com.qa.tests.LoginTests">
    <ignored/>
  </testcase> <!-- Login_with_is_Deleted_Member -->
  <testcase name="Login_with_Special_Characters_in_Password" time="0.0" classname="com.qa.tests.LoginTests">
    <ignored/>
  </testcase> <!-- Login_with_Special_Characters_in_Password -->
  <testcase name="incorrect_Userid_login" time="0.0" classname="com.qa.tests.LoginTests">
    <ignored/>
  </testcase> <!-- incorrect_Userid_login -->
  <testcase name="valid_login" time="0.0" classname="com.qa.tests.LoginTests">
    <ignored/>
  </testcase> <!-- valid_login -->
  <testcase name="Login_with_Deactivated_App_Access" time="0.0" classname="com.qa.tests.LoginTests">
    <ignored/>
  </testcase> <!-- Login_with_Deactivated_App_Access -->
  <testcase name="incorrect_Token_login" time="0.0" classname="com.qa.tests.LoginTests">
    <ignored/>
  </testcase> <!-- incorrect_Token_login -->
</testsuite> <!-- test -->
