<?xml version="1.0" encoding="UTF-8"?>
<testng-results skipped="0" failed="0" ignored="8" total="9" passed="1">
  <reporter-output>
  </reporter-output>
  <suite name="Suite" duration-ms="24336" started-at="2020-05-08T00:08:56 IST" finished-at="2020-05-08T00:09:20 IST">
    <groups>
    </groups>
    <test name="test" duration-ms="24336" started-at="2020-05-08T00:08:56 IST" finished-at="2020-05-08T00:09:20 IST">
      <class name="com.qa.tests.LoginTests">
        <test-method status="PASS" signature="beforeSuite()[pri:0, instance:com.qa.tests.LoginTests@1786f9d5]" name="beforeSuite" is-config="true" duration-ms="13" started-at="2020-05-08T00:08:56 IST" finished-at="2020-05-08T00:08:56 IST">
          <reporter-output>
          </reporter-output>
        </test-method> <!-- beforeSuite -->
        <test-method status="PASS" signature="beforeTest(java.lang.String, java.lang.String, java.lang.String)[pri:0, instance:com.qa.tests.LoginTests@1786f9d5]" name="beforeTest" is-config="true" duration-ms="12418" started-at="2020-05-08T00:08:56 IST" finished-at="2020-05-08T00:09:08 IST">
          <params>
            <param index="0">
              <value>
                <![CDATA[Android]]>
              </value>
            </param>
            <param index="1">
              <value>
                <![CDATA[9 PKQ1.181203.001]]>
              </value>
            </param>
            <param index="2">
              <value>
                <![CDATA[REDMI NOTE_7_PRO]]>
              </value>
            </param>
          </params>
          <reporter-output>
          </reporter-output>
        </test-method> <!-- beforeTest -->
        <test-method status="PASS" signature="beforeClass()[pri:0, instance:com.qa.tests.LoginTests@1786f9d5]" name="beforeClass" is-config="true" duration-ms="6" started-at="2020-05-08T00:09:08 IST" finished-at="2020-05-08T00:09:08 IST">
          <reporter-output>
          </reporter-output>
        </test-method> <!-- beforeClass -->
        <test-method status="PASS" signature="beforeMethod(java.lang.reflect.Method)[pri:0, instance:com.qa.tests.LoginTests@1786f9d5]" name="beforeMethod" is-config="true" duration-ms="225" started-at="2020-05-08T00:09:08 IST" finished-at="2020-05-08T00:09:08 IST">
          <params>
            <param index="0">
              <value>
                <![CDATA[public void com.qa.tests.LoginTests.Login_with_Restricted_Userid()]]>
              </value>
            </param>
          </params>
          <reporter-output>
          </reporter-output>
        </test-method> <!-- beforeMethod -->
        <test-method status="PASS" signature="Login_with_Restricted_Userid()[pri:0, instance:com.qa.tests.LoginTests@1786f9d5]" name="Login_with_Restricted_Userid" duration-ms="10865" started-at="2020-05-08T00:09:08 IST" finished-at="2020-05-08T00:09:19 IST">
          <reporter-output>
          </reporter-output>
        </test-method> <!-- Login_with_Restricted_Userid -->
        <test-method status="PASS" signature="afterMethod()[pri:0, instance:com.qa.tests.LoginTests@1786f9d5]" name="afterMethod" is-config="true" duration-ms="0" started-at="2020-05-08T00:09:19 IST" finished-at="2020-05-08T00:09:19 IST">
          <reporter-output>
          </reporter-output>
        </test-method> <!-- afterMethod -->
        <test-method status="PASS" signature="afterClass()[pri:0, instance:com.qa.tests.LoginTests@1786f9d5]" name="afterClass" is-config="true" duration-ms="0" started-at="2020-05-08T00:09:19 IST" finished-at="2020-05-08T00:09:19 IST">
          <reporter-output>
          </reporter-output>
        </test-method> <!-- afterClass -->
        <test-method status="PASS" signature="afterTest()[pri:0, instance:com.qa.tests.LoginTests@1786f9d5]" name="afterTest" is-config="true" duration-ms="779" started-at="2020-05-08T00:09:19 IST" finished-at="2020-05-08T00:09:20 IST">
          <reporter-output>
          </reporter-output>
        </test-method> <!-- afterTest -->
        <test-method status="PASS" signature="afterSuite()[pri:0, instance:com.qa.tests.LoginTests@1786f9d5]" name="afterSuite" is-config="true" duration-ms="1" started-at="2020-05-08T00:09:20 IST" finished-at="2020-05-08T00:09:20 IST">
          <reporter-output>
          </reporter-output>
        </test-method> <!-- afterSuite -->
      </class> <!-- com.qa.tests.LoginTests -->
    </test> <!-- test -->
  </suite> <!-- Suite -->
</testng-results>
